<client>
  <version>62</version>
  <baseCurrency>EUR</baseCurrency>
  <securities>
    <security>
      <uuid>82f2d1cb-66d6-41de-91d8-4daf1021e58d</uuid>
      <name>share-1</name>
      <currencyCode>EUR</currencyCode>
      <feed>MANUAL</feed>
      <prices>
        <price t="2023-01-01" v="1000000000"/>
        <price t="2023-05-01" v="1100000000"/>
        <price t="2023-08-01" v="1200000000"/>
        <price t="2024-01-01" v="1500000000"/>
      </prices>
      <attributes>
        <map/>
      </attributes>
      <events/>
      <isRetired>false</isRetired>
      <updatedAt>2024-03-21T20:26:46.518994700Z</updatedAt>
    </security>
  </securities>
  <watchlists>
    <watchlist>
      <name>New Watchlist</name>
      <securities/>
    </watchlist>
  </watchlists>
  <accounts>
    <account>
      <uuid>a8844383-5b6c-4b59-b786-d48ccafd628b</uuid>
      <name>deposit-account-1 (EUR)</name>
      <currencyCode>EUR</currencyCode>
      <isRetired>false</isRetired>
      <transactions>
        <account-transaction>
          <uuid>0a0c21f6-397d-438a-adca-920874c1a4a7</uuid>
          <date>2023-01-01T00:00</date>
          <currencyCode>EUR</currencyCode>
          <amount>10000</amount>
          <security reference="../../../../../securities/security"/>
          <crossEntry class="buysell">
            <portfolio>
              <uuid>ccd0ccf0-d4cd-4c16-8316-2b8727eb514d</uuid>
              <name>security-account-1</name>
              <isRetired>false</isRetired>
              <referenceAccount reference="../../../../.."/>
              <transactions>
                <portfolio-transaction>
                  <uuid>4499aa96-ab9a-4ef4-b95d-4ba37fdb1358</uuid>
                  <date>2023-01-01T00:00</date>
                  <currencyCode>EUR</currencyCode>
                  <amount>10000</amount>
                  <security reference="../../../../../../../../../securities/security"/>
                  <crossEntry class="buysell" reference="../../../.."/>
                  <shares>1000000000</shares>
                  <note>01</note>
                  <updatedAt>2024-03-26T13:56:36.699791300Z</updatedAt>
                  <type>BUY</type>
                </portfolio-transaction>
                <portfolio-transaction>
                  <uuid>ee8ef676-31b1-4e80-909a-91a715800e54</uuid>
                  <date>2023-03-01T00:00</date>
                  <currencyCode>EUR</currencyCode>
                  <amount>3000</amount>
                  <security reference="../../../../../../../../../securities/security"/>
                  <crossEntry class="portfolio-transfer">
                    <portfolioFrom reference="../../../.."/>
                    <transactionFrom reference="../.."/>
                    <portfolioTo>
                      <uuid>6f94ed45-f61f-4fd7-930c-fa6a741480b0</uuid>
                      <name>security-account-2</name>
                      <isRetired>false</isRetired>
                      <referenceAccount>
                        <uuid>65224035-5310-48d9-abab-e16b2bc08104</uuid>
                        <name>deposit-account-3 (EUR)</name>
                        <currencyCode>EUR</currencyCode>
                        <isRetired>false</isRetired>
                        <transactions/>
                        <attributes>
                          <map/>
                        </attributes>
                        <updatedAt>2024-03-23T13:38:46.161048700Z</updatedAt>
                      </referenceAccount>
                      <transactions>
                        <portfolio-transaction>
                          <uuid>4a2c2368-1a4b-44f0-95ca-76d0b68b3b43</uuid>
                          <date>2023-03-01T00:00</date>
                          <currencyCode>EUR</currencyCode>
                          <amount>3000</amount>
                          <security reference="../../../../../../../../../../../../../securities/security"/>
                          <crossEntry class="portfolio-transfer" reference="../../../.."/>
                          <shares>300000000</shares>
                          <updatedAt>2024-06-28T16:07:21.467369400Z</updatedAt>
                          <type>TRANSFER_IN</type>
                        </portfolio-transaction>
                      </transactions>
                      <attributes>
                        <map/>
                      </attributes>
                      <updatedAt>2024-03-22T10:34:37.119724200Z</updatedAt>
                    </portfolioTo>
                    <transactionTo reference="../portfolioTo/transactions/portfolio-transaction"/>
                  </crossEntry>
                  <shares>300000000</shares>
                  <updatedAt>2024-06-28T16:07:21.467369400Z</updatedAt>
                  <type>TRANSFER_OUT</type>
                </portfolio-transaction>
              </transactions>
              <attributes>
                <map/>
              </attributes>
              <updatedAt>2024-03-22T10:34:26.639678500Z</updatedAt>
            </portfolio>
            <portfolioTransaction reference="../portfolio/transactions/portfolio-transaction"/>
            <account reference="../../../.."/>
            <accountTransaction reference="../.."/>
          </crossEntry>
          <shares>0</shares>
          <note>01</note>
          <updatedAt>2024-03-26T13:56:36.699791300Z</updatedAt>
          <type>BUY</type>
        </account-transaction>
      </transactions>
      <attributes>
        <map/>
      </attributes>
      <updatedAt>2024-03-23T13:38:03.129025700Z</updatedAt>
    </account>
    <account reference="../account/transactions/account-transaction/crossEntry/portfolio/transactions/portfolio-transaction[2]/crossEntry/portfolioTo/referenceAccount"/>
    <account>
      <uuid>e463efd0-ef65-4a2f-9b3a-09cc9f7a31b1</uuid>
      <name>deposit-account-2 (USD)</name>
      <currencyCode>USD</currencyCode>
      <isRetired>false</isRetired>
      <transactions/>
      <attributes>
        <map/>
      </attributes>
      <updatedAt>2024-03-23T13:40:33.324491Z</updatedAt>
    </account>
  </accounts>
  <portfolios>
    <portfolio reference="../../accounts/account/transactions/account-transaction/crossEntry/portfolio"/>
    <portfolio reference="../../accounts/account/transactions/account-transaction/crossEntry/portfolio/transactions/portfolio-transaction[2]/crossEntry/portfolioTo"/>
  </portfolios>
  <plans/>
  <taxonomies/>
  <dashboards>
    <dashboard name="Dashboard">
      <configuration>
        <entry>
          <string>REPORTING_PERIOD</string>
          <string>L1Y0</string>
        </entry>
      </configuration>
      <columns>
        <column>
          <weight>1</weight>
          <widgets>
            <widget type="HEADING">
              <label>Key Indicators</label>
            </widget>
            <widget type="TTWROR">
              <label>True Time-Weighted Rate of Return (cumulative), share-1</label>
              <configuration>
                <entry>
                  <string>DATA_SERIES</string>
                  <string>Security0152978e-2ea2-436f-b07a-0333b988ea8b</string>
                </entry>
              </configuration>
            </widget>
            <widget type="IRR">
              <label>Internal Rate of Return (IRR), share-1</label>
              <configuration>
                <entry>
                  <string>DATA_SERIES</string>
                  <string>Security0152978e-2ea2-436f-b07a-0333b988ea8b</string>
                </entry>
              </configuration>
            </widget>
            <widget type="ABSOLUTE_CHANGE">
              <label>Absolute Change</label>
              <configuration/>
            </widget>
            <widget type="DELTA">
              <label>Delta (for reporting period)</label>
              <configuration/>
            </widget>
            <widget type="HEADING">
              <label>Last Day</label>
            </widget>
            <widget type="TTWROR">
              <label>True Time-Weighted Rate of Return (cumulative)</label>
              <configuration>
                <entry>
                  <string>REPORTING_PERIOD</string>
                  <string>T1</string>
                </entry>
              </configuration>
            </widget>
            <widget type="ABSOLUTE_CHANGE">
              <label>Absolute Change</label>
              <configuration>
                <entry>
                  <string>REPORTING_PERIOD</string>
                  <string>T1</string>
                </entry>
              </configuration>
            </widget>
          </widgets>
        </column>
        <column>
          <weight>1</weight>
          <widgets>
            <widget type="HEADING">
              <label>Risk Indicators</label>
            </widget>
            <widget type="MAXDRAWDOWN">
              <label>Maximum Drawdown</label>
              <configuration>
                <entry>
                  <string>REPORTING_PERIOD</string>
                  <string>F2020-06-12_2023-06-12</string>
                </entry>
              </configuration>
            </widget>
            <widget type="MAXDRAWDOWNDURATION">
              <label>Max Drawdown Duration</label>
              <configuration>
                <entry>
                  <string>REPORTING_PERIOD</string>
                  <string>F2020-06-12_2023-06-12</string>
                </entry>
              </configuration>
            </widget>
            <widget type="VOLATILITY">
              <label>Volatility</label>
              <configuration>
                <entry>
                  <string>REPORTING_PERIOD</string>
                  <string>F2020-06-12_2023-06-12</string>
                </entry>
              </configuration>
            </widget>
            <widget type="SEMIVOLATILITY">
              <label>Semivariance</label>
              <configuration>
                <entry>
                  <string>REPORTING_PERIOD</string>
                  <string>F2020-06-12_2023-06-12</string>
                </entry>
              </configuration>
            </widget>
          </widgets>
        </column>
        <column>
          <weight>1</weight>
          <widgets>
            <widget type="HEADING">
              <label>Calculation</label>
            </widget>
            <widget type="CALCULATION">
              <label>Performance Calculation</label>
              <configuration/>
            </widget>
          </widgets>
        </column>
      </columns>
    </dashboard>
  </dashboards>
  <properties>
    <entry>
      <string>security-chart-details</string>
      <string>SCALING_LINEAR,INVESTMENT,DIVIDENDS,EVENTS,SMA_200DAYS,SHOW_MAIN_HORIZONTAL_LINES</string>
    </entry>
  </properties>
  <settings>
    <bookmarks>
      <bookmark>
        <label>finance.yahoo.com</label>
        <pattern>http://finance.yahoo.com/quote/{tickerSymbol}</pattern>
      </bookmark>
      <bookmark>
        <label>onvista.de</label>
        <pattern>http://www.onvista.de/suche.html?SEARCH_VALUE={isin}</pattern>
      </bookmark>
      <bookmark>
        <label>finanzen.net</label>
        <pattern>http://www.finanzen.net/suchergebnis.asp?frmAktiensucheTextfeld={isin}</pattern>
      </bookmark>
      <bookmark>
        <label>ariva.de</label>
        <pattern>http://www.ariva.de/{isin}</pattern>
      </bookmark>
      <bookmark>
        <label>justetf.com  (ETF)</label>
        <pattern>https://www.justetf.com/etf-profile.html?isin={isin}</pattern>
      </bookmark>
      <bookmark>
        <label>fondsweb.com</label>
        <pattern>http://www.fondsweb.com/{isin}</pattern>
      </bookmark>
      <bookmark>
        <label>morningstar.de</label>
        <pattern>http://www.morningstar.de/de/funds/SecuritySearchResults.aspx?type=ALL&amp;search={isin}</pattern>
      </bookmark>
      <bookmark>
        <label>extraETF.com (ETF)</label>
        <pattern>https://extraetf.com/etf-profile/{isin}</pattern>
      </bookmark>
      <bookmark>
        <label>alleaktien.de (Share)</label>
        <pattern>https://www.alleaktien.de/quantitativ/{isin}/</pattern>
      </bookmark>
      <bookmark>
        <label>comdirect.de (Share)</label>
        <pattern>https://www.comdirect.de/inf/aktien/{isin}</pattern>
      </bookmark>
      <bookmark>
        <label>comdirect.de (ETF)</label>
        <pattern>https://www.comdirect.de/inf/etfs/{isin}</pattern>
      </bookmark>
      <bookmark>
        <label>divvydiary.com</label>
        <pattern>https://divvydiary.com/symbols/{isin}</pattern>
      </bookmark>
      <bookmark>
        <label>trackingdifferences.com (ETF)</label>
        <pattern>https://www.trackingdifferences.com/ETF/ISIN/{isin}</pattern>
      </bookmark>
      <bookmark>
        <label>tradingview.com</label>
        <pattern>https://www.tradingview.com/chart/?symbol=XETR:{tickerSymbolPrefix}</pattern>
      </bookmark>
      <bookmark>
        <label>cnbc.com (Share)</label>
        <pattern>https://www.cnbc.com/quotes/{tickerSymbolPrefix}</pattern>
      </bookmark>
      <bookmark>
        <label>nasdaq.com (Share)</label>
        <pattern>https://www.nasdaq.com/market-activity/stocks/{tickerSymbolPrefix}</pattern>
      </bookmark>
    </bookmarks>
    <attributeTypes>
      <attribute-type>
        <id>logo</id>
        <name>Logo</name>
        <columnLabel>Logo</columnLabel>
        <target>name.abuchen.portfolio.model.Security</target>
        <type>java.lang.String</type>
        <converterClass>name.abuchen.portfolio.model.AttributeType$ImageConverter</converterClass>
      </attribute-type>
      <attribute-type>
        <id>logo</id>
        <name>Logo</name>
        <columnLabel>Logo</columnLabel>
        <target>name.abuchen.portfolio.model.Account</target>
        <type>java.lang.String</type>
        <converterClass>name.abuchen.portfolio.model.AttributeType$ImageConverter</converterClass>
      </attribute-type>
      <attribute-type>
        <id>logo</id>
        <name>Logo</name>
        <columnLabel>Logo</columnLabel>
        <target>name.abuchen.portfolio.model.Portfolio</target>
        <type>java.lang.String</type>
        <converterClass>name.abuchen.portfolio.model.AttributeType$ImageConverter</converterClass>
      </attribute-type>
      <attribute-type>
        <id>logo</id>
        <name>Logo</name>
        <columnLabel>Logo</columnLabel>
        <target>name.abuchen.portfolio.model.InvestmentPlan</target>
        <type>java.lang.String</type>
        <converterClass>name.abuchen.portfolio.model.AttributeType$ImageConverter</converterClass>
      </attribute-type>
      <attribute-type>
        <id>ter</id>
        <name>Total Expense Ratio (TER)</name>
        <columnLabel>TER</columnLabel>
        <source>ter</source>
        <target>name.abuchen.portfolio.model.Security</target>
        <type>java.lang.Double</type>
        <converterClass>name.abuchen.portfolio.model.AttributeType$PercentConverter</converterClass>
      </attribute-type>
      <attribute-type>
        <id>aum</id>
        <name>Assets under Management</name>
        <columnLabel>AUM</columnLabel>
        <target>name.abuchen.portfolio.model.Security</target>
        <type>java.lang.Long</type>
        <converterClass>name.abuchen.portfolio.model.AttributeType$AmountPlainConverter</converterClass>
      </attribute-type>
      <attribute-type>
        <id>vendor</id>
        <name>Vendor</name>
        <columnLabel>Vendor</columnLabel>
        <source>vendor</source>
        <target>name.abuchen.portfolio.model.Security</target>
        <type>java.lang.String</type>
        <converterClass>name.abuchen.portfolio.model.AttributeType$StringConverter</converterClass>
      </attribute-type>
      <attribute-type>
        <id>acquisitionFee</id>
        <name>Acquisition Fee (percentage)</name>
        <columnLabel>Acquisition Fee</columnLabel>
        <target>name.abuchen.portfolio.model.Security</target>
        <type>java.lang.Double</type>
        <converterClass>name.abuchen.portfolio.model.AttributeType$PercentConverter</converterClass>
      </attribute-type>
      <attribute-type>
        <id>managementFee</id>
        <name>Management Fee (percentage)</name>
        <columnLabel>Management Fee</columnLabel>
        <target>name.abuchen.portfolio.model.Security</target>
        <type>java.lang.Double</type>
        <converterClass>name.abuchen.portfolio.model.AttributeType$PercentConverter</converterClass>
      </attribute-type>
    </attributeTypes>
    <configurationSets>
      <entry>
        <string>StatementOfAssetsHistoryView-PICKER</string>
        <config-set>
          <configurations>
            <config>
              <uuid>ec4dc660-8854-43ad-80d4-31584fe10e19</uuid>
              <name>Standard</name>
              <data>Client-absolute_delta_all_records;#ff8040;SOLID;false;2,Client-absolute_delta;#c0c0c0;SOLID;false;2</data>
            </config>
          </configurations>
        </config-set>
      </entry>
      <entry>
        <string>ReturnsVolatilityChartView-PICKER</string>
        <config-set>
          <configurations>
            <config>
              <uuid>6c2d3073-1d95-4f1f-b51f-03dfac0891dd</uuid>
              <name>Standard</name>
              <data>Client-totals;#000000;SOLID;false;2</data>
            </config>
          </configurations>
        </config-set>
      </entry>
      <entry>
        <string>name.abuchen.portfolio.ui.views.SecuritiesPerformanceView</string>
        <config-set>
          <configurations>
            <config>
              <uuid>3580a087-a144-41e6-b45e-351eb5535064</uuid>
              <name>Standard</name>
              <data>{&quot;items&quot;:[{&quot;id&quot;:&quot;shares&quot;,&quot;width&quot;:87},{&quot;id&quot;:&quot;name&quot;,&quot;width&quot;:114},{&quot;id&quot;:&quot;pv&quot;,&quot;width&quot;:235},{&quot;id&quot;:&quot;pp&quot;,&quot;width&quot;:228},{&quot;id&quot;:&quot;quote&quot;,&quot;width&quot;:103},{&quot;id&quot;:&quot;5&quot;,&quot;width&quot;:104},{&quot;id&quot;:&quot;changeonpreviousamount&quot;,&quot;width&quot;:120},{&quot;id&quot;:&quot;mv&quot;,&quot;width&quot;:160},{&quot;id&quot;:&quot;sumdiv&quot;,&quot;width&quot;:130},{&quot;id&quot;:&quot;izf&quot;,&quot;sortDirection&quot;:128,&quot;width&quot;:177},{&quot;id&quot;:&quot;delta&quot;,&quot;width&quot;:143}]}</data>
            </config>
          </configurations>
        </config-set>
      </entry>
      <entry>
        <string>PerformanceChartView-PICKER</string>
        <config-set>
          <configurations>
            <config>
              <uuid>7600e16d-0168-49d1-aadb-18c66a64bc8f</uuid>
              <name>Standard</name>
              <data>Securitye11ee537-a363-4166-a9dd-f950ad8e1a9b;#e279bb;SOLID;false;2,[b]Securitydb4362cf-a2eb-4edc-878c-ac398c5f5e0a;#ff8000;SOLID;false;2</data>
            </config>
          </configurations>
        </config-set>
      </entry>
      <entry>
        <string>name.abuchen.portfolio.ui.views.SecuritiesTable</string>
        <config-set>
          <configurations>
            <config>
              <uuid>ace4b28f-3207-4dc2-95fa-edc3936851f9</uuid>
              <name>Standard</name>
              <data>{&quot;items&quot;:[{&quot;id&quot;:&quot;0&quot;,&quot;sortDirection&quot;:128,&quot;width&quot;:400},{&quot;id&quot;:&quot;note&quot;,&quot;width&quot;:200},{&quot;id&quot;:&quot;1&quot;,&quot;width&quot;:100},{&quot;id&quot;:&quot;2&quot;,&quot;width&quot;:224},{&quot;id&quot;:&quot;7&quot;,&quot;width&quot;:97},{&quot;id&quot;:&quot;4&quot;,&quot;width&quot;:102},{&quot;id&quot;:&quot;5&quot;,&quot;width&quot;:80},{&quot;id&quot;:&quot;changeonpreviousamount&quot;,&quot;width&quot;:136},{&quot;id&quot;:&quot;9&quot;,&quot;width&quot;:164},{&quot;id&quot;:&quot;10&quot;,&quot;width&quot;:171},{&quot;id&quot;:&quot;q-date-first-historic&quot;,&quot;width&quot;:52},{&quot;id&quot;:&quot;distance-from-sma&quot;,&quot;option&quot;:&quot;5&quot;,&quot;width&quot;:160}]}</data>
            </config>
          </configurations>
        </config-set>
      </entry>
      <entry>
        <string>reporting-periods</string>
        <config-set>
          <configurations>
            <config>
              <uuid></uuid>
              <name></name>
              <data>F2023-12-31_2024-01-04</data>
            </config>
            <config>
              <uuid></uuid>
              <name></name>
              <data>L1Y0</data>
            </config>
            <config>
              <uuid></uuid>
              <name></name>
              <data>F2023-12-31_2024-04-01</data>
            </config>
            <config>
              <uuid></uuid>
              <name></name>
              <data>F2022-12-31_2024-01-01</data>
            </config>
            <config>
              <uuid></uuid>
              <name></name>
              <data>F2023-01-01_2024-01-01</data>
            </config>
            <config>
              <uuid></uuid>
              <name></name>
              <data>L5Y0</data>
            </config>
            <config>
              <uuid></uuid>
              <name></name>
              <data>F2023-09-01_2024-03-27</data>
            </config>
          </configurations>
        </config-set>
      </entry>
      <entry>
        <string>name.abuchen.portfolio.ui.views.StatementOfAssetsViewer</string>
        <config-set>
          <configurations>
            <config>
              <uuid>5626df9e-7f9b-47e2-b7f4-07557fdf6e55</uuid>
              <name>Standard</name>
              <data>{&quot;items&quot;:[{&quot;id&quot;:&quot;0&quot;,&quot;width&quot;:80},{&quot;id&quot;:&quot;1&quot;,&quot;width&quot;:300},{&quot;id&quot;:&quot;2&quot;,&quot;width&quot;:121},{&quot;id&quot;:&quot;4&quot;,&quot;width&quot;:112},{&quot;id&quot;:&quot;5&quot;,&quot;width&quot;:222},{&quot;id&quot;:&quot;6&quot;,&quot;width&quot;:239},{&quot;id&quot;:&quot;note&quot;,&quot;width&quot;:200}]}</data>
            </config>
            <config>
              <uuid>1175c086-9559-4631-844a-6c75735ab171</uuid>
              <name>test view</name>
              <data>{&quot;items&quot;:[{&quot;id&quot;:&quot;0&quot;,&quot;width&quot;:80},{&quot;id&quot;:&quot;1&quot;,&quot;width&quot;:214},{&quot;id&quot;:&quot;2&quot;,&quot;width&quot;:115},{&quot;id&quot;:&quot;4&quot;,&quot;width&quot;:83},{&quot;id&quot;:&quot;5&quot;,&quot;width&quot;:133},{&quot;id&quot;:&quot;6&quot;,&quot;width&quot;:97},{&quot;id&quot;:&quot;delta&quot;,&quot;option&quot;:&quot;F2023-01-01_2024-01-01&quot;,&quot;width&quot;:387},{&quot;id&quot;:&quot;irr&quot;,&quot;option&quot;:&quot;F2023-01-01_2024-01-01&quot;,&quot;width&quot;:338}]}</data>
            </config>
          </configurations>
        </config-set>
      </entry>
      <entry>
        <string>client-filter-definitions</string>
        <config-set>
          <configurations>
            <config>
              <uuid>5a9ab3cf-d798-4931-a4a0-47d849bf92c0</uuid>
              <name>deposit-account-1 (EUR), security-account-2</name>
              <data>a8844383-5b6c-4b59-b786-d48ccafd628b,6f94ed45-f61f-4fd7-930c-fa6a741480b0</data>
            </config>
            <config>
              <uuid>3a541445-c64d-427c-8ed9-7a6e2b9ce775</uuid>
              <name>security-account-1, security-account-2</name>
              <data>ccd0ccf0-d4cd-4c16-8316-2b8727eb514d,6f94ed45-f61f-4fd7-930c-fa6a741480b0</data>
            </config>
            <config>
              <uuid>ee32cd7d-226a-4bc1-873a-147287518dae</uuid>
              <name>security-account-1, security-account-2</name>
              <data>ccd0ccf0-d4cd-4c16-8316-2b8727eb514d,6f94ed45-f61f-4fd7-930c-fa6a741480b0</data>
            </config>
          </configurations>
        </config-set>
      </entry>
      <entry>
        <string>client-filter-selection</string>
        <config-set>
          <configurations>
            <config>
              <uuid>HoldingsPieChartView</uuid>
              <name></name>
              <data>ee32cd7d-226a-4bc1-873a-147287518dae</data>
            </config>
            <config>
              <uuid>StatementOfAssetsView</uuid>
              <name></name>
              <data>3a541445-c64d-427c-8ed9-7a6e2b9ce775</data>
            </config>
          </configurations>
        </config-set>
      </entry>
    </configurationSets>
  </settings>
</client>